<?xml version="1.0" encoding="UTF-8"?>
<testng-results skipped="0" failed="0" ignored="0" total="1" passed="1">
  <reporter-output>
  </reporter-output>
  <suite name="Default suite" duration-ms="265" started-at="2022-04-21T04:30:53Z" finished-at="2022-04-21T04:30:54Z">
    <groups>
    </groups>
    <test name="Default test" duration-ms="265" started-at="2022-04-21T04:30:53Z" finished-at="2022-04-21T04:30:54Z">
      <class name="org.git.GitTesting">
        <test-method status="PASS" signature="add()[pri:0, instance:org.git.GitTesting@32e6e9c3]" name="add" duration-ms="79" started-at="2022-04-21T10:00:54Z" finished-at="2022-04-21T10:00:54Z">
          <reporter-output>
          </reporter-output>
        </test-method> <!-- add -->
      </class> <!-- org.git.GitTesting -->
    </test> <!-- Default test -->
  </suite> <!-- Default suite -->
</testng-results>
